  Generating code
F:\mySolvers\PBM_noCoupling\particle_1D\particle_1D.C(84): warning C4711: function 'double __cdecl VegReaction::get_A(void) __ptr64' selected for automatic inline expansion
F:\mySolvers\PBM_noCoupling\particle_1D\particle_1D.C(84): warning C4711: function 'double __cdecl VegReaction::get_Ta(void) __ptr64' selected for automatic inline expansion
F:\mySolvers\PBM_noCoupling\particle_1D\particle_1D.C(85): warning C4711: function 'double __cdecl VegReaction::get_A(void) __ptr64' selected for automatic inline expansion
F:\mySolvers\PBM_noCoupling\particle_1D\particle_1D.C(85): warning C4711: function 'double __cdecl VegReaction::get_Ta(void) __ptr64' selected for automatic inline expansion
C:\Program Files (x86)\Microsoft Visual Studio\2019\Community\VC\Tools\MSVC\14.28.29910\include\xmemory(805): warning C4711: function 'void __cdecl std::_Deallocate<16,0>(void * __ptr64,unsigned __int64)' selected for automatic inline expansion
C:\Program Files (x86)\Microsoft Visual Studio\2019\Community\VC\Tools\MSVC\14.28.29910\include\xmemory(805): warning C4711: function 'void __cdecl std::_Deallocate<16,0>(void * __ptr64,unsigned __int64)' selected for automatic inline expansion
C:\Program Files (x86)\Microsoft Visual Studio\2019\Community\VC\Tools\MSVC\14.28.29910\include\xmemory(805): warning C4711: function 'void __cdecl std::_Deallocate<16,0>(void * __ptr64,unsigned __int64)' selected for automatic inline expansion
C:\Program Files (x86)\Microsoft Visual Studio\2019\Community\VC\Tools\MSVC\14.28.29910\include\xmemory(805): warning C4711: function 'void __cdecl std::_Deallocate<16,0>(void * __ptr64,unsigned __int64)' selected for automatic inline expansion
C:\Program Files (x86)\Microsoft Visual Studio\2019\Community\VC\Tools\MSVC\14.28.29910\include\vector(1158): warning C4711: function 'void __cdecl std::_Pocca<class std::allocator<double> >(class std::allocator<double> & __ptr64,class std::allocator<double> const & __ptr64)' selected for automatic inline expansion
C:\Program Files (x86)\Microsoft Visual Studio\2019\Community\VC\Tools\MSVC\14.28.29910\include\vector(1119): warning C4711: function 'double * __ptr64 __cdecl std::_Copy_memmove<double * __ptr64,double * __ptr64>(double * __ptr64,double * __ptr64,double * __ptr64)' selected for automatic inline expansion
F:\mySolvers\PBM_noCoupling\particle_1D\energy_conservation_reactionstep.h(24): warning C4711: function 'double __cdecl VegReaction::get_deltaH(void) __ptr64' selected for automatic inline expansion
F:\mySolvers\PBM_noCoupling\particle_1D\energy_conservation_reactionstep.h(24): warning C4711: function 'double __cdecl VegReaction::get_Ta(void) __ptr64' selected for automatic inline expansion
F:\mySolvers\PBM_noCoupling\particle_1D\energy_conservation_reactionstep.h(24): warning C4711: function 'double __cdecl VegReaction::get_A(void) __ptr64' selected for automatic inline expansion
F:\mySolvers\PBM_noCoupling\particle_1D\energy_conservation_reactionstep.h(24): warning C4711: function 'double __cdecl VegReaction::get_deltaH(void) __ptr64' selected for automatic inline expansion
F:\mySolvers\PBM_noCoupling\particle_1D\energy_conservation_reactionstep.h(24): warning C4711: function 'double __cdecl VegReaction::get_Ta(void) __ptr64' selected for automatic inline expansion
F:\mySolvers\PBM_noCoupling\particle_1D\energy_conservation_explicit.h(15): warning C4711: function 'bool __cdecl std::operator==<char,struct std::char_traits<char>,class std::allocator<char> >(class std::basic_string<char,struct std::char_traits<char>,class std::allocator<char> > const & __ptr64,char const * __ptr64 const)' selected for automatic inline expansion
C:\Program Files (x86)\Microsoft Visual Studio\2019\Community\VC\Tools\MSVC\14.28.29910\include\vector(1119): warning C4711: function 'double * __ptr64 __cdecl std::_Refancy<double * __ptr64,0>(double * __ptr64)' selected for automatic inline expansion
F:\mySolvers\PBM_noCoupling\particle_1D\energy_conservation_reactionstep.h(24): warning C4711: function 'double __cdecl VegReaction::get_A(void) __ptr64' selected for automatic inline expansion
C:\Program Files (x86)\Microsoft Visual Studio\2019\Community\VC\Tools\MSVC\14.28.29910\include\vector(1158): warning C4711: function 'void __cdecl std::_Pocca<class std::allocator<double> >(class std::allocator<double> & __ptr64,class std::allocator<double> const & __ptr64)' selected for automatic inline expansion
F:\mySolvers\PBM_noCoupling\particle_1D\energy_conservation_reactionstep.h(24): warning C4711: function 'double __cdecl VegReaction::get_deltaH(void) __ptr64' selected for automatic inline expansion
C:\Program Files (x86)\Microsoft Visual Studio\2019\Community\VC\Tools\MSVC\14.28.29910\include\vector(1119): warning C4711: function 'double * __ptr64 __cdecl std::_Copy_memmove<double * __ptr64,double * __ptr64>(double * __ptr64,double * __ptr64,double * __ptr64)' selected for automatic inline expansion
F:\mySolvers\PBM_noCoupling\particle_1D\energy_conservation_reactionstep.h(24): warning C4711: function 'double __cdecl VegReaction::get_Ta(void) __ptr64' selected for automatic inline expansion
C:\Program Files (x86)\Microsoft Visual Studio\2019\Community\VC\Tools\MSVC\14.28.29910\include\vector(1119): warning C4711: function 'double * __ptr64 __cdecl std::_Refancy<double * __ptr64,0>(double * __ptr64)' selected for automatic inline expansion
F:\mySolvers\PBM_noCoupling\particle_1D\energy_conservation_reactionstep.h(24): warning C4711: function 'double __cdecl VegReaction::get_A(void) __ptr64' selected for automatic inline expansion
C:\Program Files (x86)\Microsoft Visual Studio\2019\Community\VC\Tools\MSVC\14.28.29910\include\vector(1158): warning C4711: function 'void __cdecl std::_Pocca<class std::allocator<double> >(class std::allocator<double> & __ptr64,class std::allocator<double> const & __ptr64)' selected for automatic inline expansion
F:\mySolvers\PBM_noCoupling\particle_1D\energy_conservation_explicit.h(25): warning C4711: function 'bool __cdecl std::operator==<char,struct std::char_traits<char>,class std::allocator<char> >(class std::basic_string<char,struct std::char_traits<char>,class std::allocator<char> > const & __ptr64,char const * __ptr64 const)' selected for automatic inline expansion
F:\mySolvers\PBM_noCoupling\particle_1D\energy_conservation_reactionstep.h(31): warning C4711: function 'double __cdecl VegReaction::get_Ta(void) __ptr64' selected for automatic inline expansion
C:\Program Files (x86)\Microsoft Visual Studio\2019\Community\VC\Tools\MSVC\14.28.29910\include\vector(1119): warning C4711: function 'double * __ptr64 __cdecl std::_Copy_memmove<double * __ptr64,double * __ptr64>(double * __ptr64,double * __ptr64,double * __ptr64)' selected for automatic inline expansion
F:\mySolvers\PBM_noCoupling\particle_1D\energy_conservation_reactionstep.h(31): warning C4711: function 'double __cdecl VegReaction::get_deltaH(void) __ptr64' selected for automatic inline expansion
C:\Program Files (x86)\Microsoft Visual Studio\2019\Community\VC\Tools\MSVC\14.28.29910\include\vector(1119): warning C4711: function 'double * __ptr64 __cdecl std::_Refancy<double * __ptr64,0>(double * __ptr64)' selected for automatic inline expansion
F:\mySolvers\PBM_noCoupling\particle_1D\energy_conservation_reactionstep.h(31): warning C4711: function 'double __cdecl VegReaction::get_Ta(void) __ptr64' selected for automatic inline expansion
F:\mySolvers\PBM_noCoupling\particle_1D\energy_conservation_explicit.h(35): warning C4711: function 'bool __cdecl std::operator==<char,struct std::char_traits<char>,class std::allocator<char> >(class std::basic_string<char,struct std::char_traits<char>,class std::allocator<char> > const & __ptr64,char const * __ptr64 const)' selected for automatic inline expansion
C:\Program Files (x86)\Microsoft Visual Studio\2019\Community\VC\Tools\MSVC\14.28.29910\include\vector(1158): warning C4711: function 'void __cdecl std::_Pocca<class std::allocator<double> >(class std::allocator<double> & __ptr64,class std::allocator<double> const & __ptr64)' selected for automatic inline expansion
F:\mySolvers\PBM_noCoupling\particle_1D\energy_conservation_explicit.h(56): warning C4711: function 'double __cdecl VegReaction::get_deltaH(void) __ptr64' selected for automatic inline expansion
F:\mySolvers\PBM_noCoupling\particle_1D\energy_conservation_reactionstep.h(31): warning C4711: function 'double __cdecl VegReaction::get_A(void) __ptr64' selected for automatic inline expansion
C:\Program Files (x86)\Microsoft Visual Studio\2019\Community\VC\Tools\MSVC\14.28.29910\include\vector(1119): warning C4711: function 'double * __ptr64 __cdecl std::_Copy_memmove<double * __ptr64,double * __ptr64>(double * __ptr64,double * __ptr64,double * __ptr64)' selected for automatic inline expansion
F:\mySolvers\PBM_noCoupling\particle_1D\energy_conservation_reactionstep.h(31): warning C4711: function 'double __cdecl VegReaction::get_Ta(void) __ptr64' selected for automatic inline expansion
C:\Program Files (x86)\Microsoft Visual Studio\2019\Community\VC\Tools\MSVC\14.28.29910\include\vector(1119): warning C4711: function 'double * __ptr64 __cdecl std::_Refancy<double * __ptr64,0>(double * __ptr64)' selected for automatic inline expansion
F:\mySolvers\PBM_noCoupling\particle_1D\energy_conservation_reactionstep.h(31): warning C4711: function 'double __cdecl VegReaction::get_deltaH(void) __ptr64' selected for automatic inline expansion
C:\Program Files (x86)\Microsoft Visual Studio\2019\Community\VC\Tools\MSVC\14.28.29910\include\xmemory(805): warning C4711: function 'void __cdecl std::_Deallocate<16,0>(void * __ptr64,unsigned __int64)' selected for automatic inline expansion
C:\Program Files (x86)\Microsoft Visual Studio\2019\Community\VC\Tools\MSVC\14.28.29910\include\vector(604): warning C4711: function 'void __cdecl std::_Pocma<class std::allocator<double> >(class std::allocator<double> & __ptr64,class std::allocator<double> & __ptr64)' selected for automatic inline expansion
F:\mySolvers\PBM_noCoupling\particle_1D\energy_conservation_reactionstep.h(31): warning C4711: function 'double __cdecl VegReaction::get_Ta(void) __ptr64' selected for automatic inline expansion
C:\Program Files (x86)\Microsoft Visual Studio\2019\Community\VC\Tools\MSVC\14.28.29910\include\xmemory(805): warning C4711: function 'void __cdecl std::_Deallocate<16,0>(void * __ptr64,unsigned __int64)' selected for automatic inline expansion
F:\mySolvers\PBM_noCoupling\particle_1D\energy_conservation_reactionstep.h(31): warning C4711: function 'double __cdecl VegReaction::get_A(void) __ptr64' selected for automatic inline expansion
C:\Program Files (x86)\Microsoft Visual Studio\2019\Community\VC\Tools\MSVC\14.28.29910\include\xmemory(805): warning C4711: function 'void __cdecl std::_Deallocate<16,0>(void * __ptr64,unsigned __int64)' selected for automatic inline expansion
F:\mySolvers\PBM_noCoupling\particle_1D\energy_conservation_reactionstep.h(31): warning C4711: function 'double __cdecl VegReaction::get_Ta(void) __ptr64' selected for automatic inline expansion
C:\Program Files (x86)\Microsoft Visual Studio\2019\Community\VC\Tools\MSVC\14.28.29910\include\vector(604): warning C4711: function 'void __cdecl std::_Pocma<class std::allocator<double> >(class std::allocator<double> & __ptr64,class std::allocator<double> & __ptr64)' selected for automatic inline expansion
F:\mySolvers\PBM_noCoupling\particle_1D\energy_conservation_reactionstep.h(31): warning C4711: function 'double __cdecl VegReaction::get_deltaH(void) __ptr64' selected for automatic inline expansion
C:\Program Files (x86)\Microsoft Visual Studio\2019\Community\VC\Tools\MSVC\14.28.29910\include\xmemory(805): warning C4711: function 'void __cdecl std::_Deallocate<16,0>(void * __ptr64,unsigned __int64)' selected for automatic inline expansion
F:\mySolvers\PBM_noCoupling\particle_1D\energy_conservation_reactionstep.h(31): warning C4711: function 'double __cdecl VegReaction::get_Ta(void) __ptr64' selected for automatic inline expansion
C:\Program Files (x86)\Microsoft Visual Studio\2019\Community\VC\Tools\MSVC\14.28.29910\include\xmemory(805): warning C4711: function 'void __cdecl std::_Deallocate<16,0>(void * __ptr64,unsigned __int64)' selected for automatic inline expansion
F:\mySolvers\PBM_noCoupling\particle_1D\energy_conservation_reactionstep.h(31): warning C4711: function 'double __cdecl VegReaction::get_A(void) __ptr64' selected for automatic inline expansion
C:\Program Files (x86)\Microsoft Visual Studio\2019\Community\VC\Tools\MSVC\14.28.29910\include\vector(604): warning C4711: function 'void __cdecl std::_Pocma<class std::allocator<double> >(class std::allocator<double> & __ptr64,class std::allocator<double> & __ptr64)' selected for automatic inline expansion
C:\Program Files (x86)\Microsoft Visual Studio\2019\Community\VC\Tools\MSVC\14.28.29910\include\xmemory(805): warning C4711: function 'void __cdecl std::_Deallocate<16,0>(void * __ptr64,unsigned __int64)' selected for automatic inline expansion
C:\Program Files (x86)\Microsoft Visual Studio\2019\Community\VC\Tools\MSVC\14.28.29910\include\vector(1158): warning C4711: function 'void __cdecl std::_Pocca<class std::allocator<double> >(class std::allocator<double> & __ptr64,class std::allocator<double> const & __ptr64)' selected for automatic inline expansion
C:\Program Files (x86)\Microsoft Visual Studio\2019\Community\VC\Tools\MSVC\14.28.29910\include\vector(1119): warning C4711: function 'double * __ptr64 __cdecl std::_Copy_memmove<double * __ptr64,double * __ptr64>(double * __ptr64,double * __ptr64,double * __ptr64)' selected for automatic inline expansion
C:\Program Files (x86)\Microsoft Visual Studio\2019\Community\VC\Tools\MSVC\14.28.29910\include\vector(1119): warning C4711: function 'double * __ptr64 __cdecl std::_Refancy<double * __ptr64,0>(double * __ptr64)' selected for automatic inline expansion
C:\Program Files (x86)\Microsoft Visual Studio\2019\Community\VC\Tools\MSVC\14.28.29910\include\vector(1158): warning C4711: function 'void __cdecl std::_Pocca<class std::allocator<double> >(class std::allocator<double> & __ptr64,class std::allocator<double> const & __ptr64)' selected for automatic inline expansion
C:\Program Files (x86)\Microsoft Visual Studio\2019\Community\VC\Tools\MSVC\14.28.29910\include\vector(1119): warning C4711: function 'double * __ptr64 __cdecl std::_Copy_memmove<double * __ptr64,double * __ptr64>(double * __ptr64,double * __ptr64,double * __ptr64)' selected for automatic inline expansion
C:\Program Files (x86)\Microsoft Visual Studio\2019\Community\VC\Tools\MSVC\14.28.29910\include\vector(1119): warning C4711: function 'double * __ptr64 __cdecl std::_Refancy<double * __ptr64,0>(double * __ptr64)' selected for automatic inline expansion
C:\Program Files (x86)\Microsoft Visual Studio\2019\Community\VC\Tools\MSVC\14.28.29910\include\vector(1158): warning C4711: function 'void __cdecl std::_Pocca<class std::allocator<double> >(class std::allocator<double> & __ptr64,class std::allocator<double> const & __ptr64)' selected for automatic inline expansion
C:\Program Files (x86)\Microsoft Visual Studio\2019\Community\VC\Tools\MSVC\14.28.29910\include\vector(1119): warning C4711: function 'double * __ptr64 __cdecl std::_Copy_memmove<double * __ptr64,double * __ptr64>(double * __ptr64,double * __ptr64,double * __ptr64)' selected for automatic inline expansion
C:\Program Files (x86)\Microsoft Visual Studio\2019\Community\VC\Tools\MSVC\14.28.29910\include\vector(1119): warning C4711: function 'double * __ptr64 __cdecl std::_Refancy<double * __ptr64,0>(double * __ptr64)' selected for automatic inline expansion
C:\Program Files (x86)\Microsoft Visual Studio\2019\Community\VC\Tools\MSVC\14.28.29910\include\vector(1158): warning C4711: function 'void __cdecl std::_Pocca<class std::allocator<double> >(class std::allocator<double> & __ptr64,class std::allocator<double> const & __ptr64)' selected for automatic inline expansion
C:\Program Files (x86)\Microsoft Visual Studio\2019\Community\VC\Tools\MSVC\14.28.29910\include\vector(1119): warning C4711: function 'double * __ptr64 __cdecl std::_Copy_memmove<double * __ptr64,double * __ptr64>(double * __ptr64,double * __ptr64,double * __ptr64)' selected for automatic inline expansion
C:\Program Files (x86)\Microsoft Visual Studio\2019\Community\VC\Tools\MSVC\14.28.29910\include\vector(1119): warning C4711: function 'double * __ptr64 __cdecl std::_Refancy<double * __ptr64,0>(double * __ptr64)' selected for automatic inline expansion
F:\mySolvers\PBM_noCoupling\particle_1D\energy_conservation_explicit.h(56): warning C4711: function 'double __cdecl VegReaction::get_Ta(void) __ptr64' selected for automatic inline expansion
F:\mySolvers\PBM_noCoupling\particle_1D\energy_conservation_explicit.h(56): warning C4711: function 'double __cdecl VegReaction::get_A(void) __ptr64' selected for automatic inline expansion
F:\mySolvers\PBM_noCoupling\particle_1D\energy_conservation_explicit.h(56): warning C4711: function 'double __cdecl VegReaction::get_deltaH(void) __ptr64' selected for automatic inline expansion
F:\mySolvers\PBM_noCoupling\particle_1D\energy_conservation_explicit.h(56): warning C4711: function 'double __cdecl VegReaction::get_Ta(void) __ptr64' selected for automatic inline expansion
F:\mySolvers\PBM_noCoupling\particle_1D\energy_conservation_explicit.h(56): warning C4711: function 'double __cdecl VegReaction::get_A(void) __ptr64' selected for automatic inline expansion
F:\mySolvers\PBM_noCoupling\particle_1D\energy_conservation_explicit.h(56): warning C4711: function 'double __cdecl VegReaction::get_deltaH(void) __ptr64' selected for automatic inline expansion
F:\mySolvers\PBM_noCoupling\particle_1D\energy_conservation_explicit.h(56): warning C4711: function 'double __cdecl VegReaction::get_Ta(void) __ptr64' selected for automatic inline expansion
F:\mySolvers\PBM_noCoupling\particle_1D\energy_conservation_explicit.h(56): warning C4711: function 'double __cdecl VegReaction::get_A(void) __ptr64' selected for automatic inline expansion
F:\mySolvers\PBM_noCoupling\particle_1D\energy_conservation_explicit.h(66): warning C4711: function 'void __cdecl particle_1D::set_FO_R(int const & __ptr64,double const & __ptr64) __ptr64' selected for automatic inline expansion
F:\mySolvers\PBM_noCoupling\particle_1D\energy_conservation_explicit.h(72): warning C4711: function 'void __cdecl particle_1D::set_FO_L(int const & __ptr64,double const & __ptr64) __ptr64' selected for automatic inline expansion
F:\mySolvers\PBM_noCoupling\particle_1D\energy_conservation_explicit.h(80): warning C4711: function 'void __cdecl particle_1D::set_FO_L(int const & __ptr64,double const & __ptr64) __ptr64' selected for automatic inline expansion
F:\mySolvers\PBM_noCoupling\particle_1D\energy_conservation_explicit.h(81): warning C4711: function 'void __cdecl particle_1D::set_FO_R(int const & __ptr64,double const & __ptr64) __ptr64' selected for automatic inline expansion
F:\mySolvers\PBM_noCoupling\particle_1D\remeshing.h(274): warning C4710: 'class std::basic_ostream<char,struct std::char_traits<char> > & __ptr64 __cdecl std::basic_ostream<char,struct std::char_traits<char> >::operator<<(class std::basic_ostream<char,struct std::char_traits<char> > & __ptr64 (__cdecl*)(class std::basic_ostream<char,struct std::char_traits<char> > & __ptr64)) __ptr64': function not inlined
C:\Program Files (x86)\Microsoft Visual Studio\2019\Community\VC\Tools\MSVC\14.28.29910\include\xutility(4383): warning C4711: function 'double * __ptr64 __cdecl std::_Copy_memmove<double * __ptr64,double * __ptr64>(double * __ptr64,double * __ptr64,double * __ptr64)' selected for automatic inline expansion
C:\Program Files (x86)\Microsoft Visual Studio\2019\Community\VC\Tools\MSVC\14.28.29910\include\vector(1595): warning C4711: function 'double * __ptr64 __cdecl std::_Uninitialized_copy<double * __ptr64,class std::allocator<double> >(double * __ptr64 const,double * __ptr64 const,double * __ptr64,class std::allocator<double> & __ptr64)' selected for automatic inline expansion
C:\Program Files (x86)\Microsoft Visual Studio\2019\Community\VC\Tools\MSVC\14.28.29910\include\xmemory(805): warning C4711: function 'void __cdecl std::_Deallocate<16,0>(void * __ptr64,unsigned __int64)' selected for automatic inline expansion
C:\Program Files (x86)\Microsoft Visual Studio\2019\Community\VC\Tools\MSVC\14.28.29910\include\xutility(4383): warning C4711: function 'double * __ptr64 __cdecl std::_Copy_memmove<double * __ptr64,double * __ptr64>(double * __ptr64,double * __ptr64,double * __ptr64)' selected for automatic inline expansion
C:\Program Files (x86)\Microsoft Visual Studio\2019\Community\VC\Tools\MSVC\14.28.29910\include\vector(1595): warning C4711: function 'double * __ptr64 __cdecl std::_Uninitialized_copy<double * __ptr64,class std::allocator<double> >(double * __ptr64 const,double * __ptr64 const,double * __ptr64,class std::allocator<double> & __ptr64)' selected for automatic inline expansion
C:\Program Files (x86)\Microsoft Visual Studio\2019\Community\VC\Tools\MSVC\14.28.29910\include\xmemory(805): warning C4711: function 'void __cdecl std::_Deallocate<16,0>(void * __ptr64,unsigned __int64)' selected for automatic inline expansion
F:\mySolvers\PBM_noCoupling\particle_1D\mass_conservation.h(12): warning C4711: function 'double __cdecl VegReaction::get_Ta(void) __ptr64' selected for automatic inline expansion
C:\Program Files (x86)\Microsoft Visual Studio\2019\Community\VC\Tools\MSVC\14.28.29910\include\xmemory(805): warning C4711: function 'void __cdecl std::_Deallocate<16,0>(void * __ptr64,unsigned __int64)' selected for automatic inline expansion
F:\mySolvers\PBM_noCoupling\particle_1D\mass_conservation.h(12): warning C4711: function 'double __cdecl VegReaction::get_A(void) __ptr64' selected for automatic inline expansion
C:\Program Files (x86)\Microsoft Visual Studio\2019\Community\VC\Tools\MSVC\14.28.29910\include\vector(604): warning C4711: function 'void __cdecl std::_Pocma<class std::allocator<double> >(class std::allocator<double> & __ptr64,class std::allocator<double> & __ptr64)' selected for automatic inline expansion
F:\mySolvers\PBM_noCoupling\particle_1D\mass_conservation.h(13): warning C4711: function 'double __cdecl VegReaction::get_Ta(void) __ptr64' selected for automatic inline expansion
C:\Program Files (x86)\Microsoft Visual Studio\2019\Community\VC\Tools\MSVC\14.28.29910\include\xmemory(805): warning C4711: function 'void __cdecl std::_Deallocate<16,0>(void * __ptr64,unsigned __int64)' selected for automatic inline expansion
F:\mySolvers\PBM_noCoupling\particle_1D\mass_conservation.h(13): warning C4711: function 'double __cdecl VegReaction::get_A(void) __ptr64' selected for automatic inline expansion
C:\Program Files (x86)\Microsoft Visual Studio\2019\Community\VC\Tools\MSVC\14.28.29910\include\xmemory(805): warning C4711: function 'void __cdecl std::_Deallocate<16,0>(void * __ptr64,unsigned __int64)' selected for automatic inline expansion
F:\mySolvers\PBM_noCoupling\particle_1D\mass_conservation.h(17): warning C4711: function 'double __cdecl VegReaction::get_Ta(void) __ptr64' selected for automatic inline expansion
F:\mySolvers\PBM_noCoupling\particle_1D\mass_conservation.h(17): warning C4711: function 'double __cdecl VegReaction::get_A(void) __ptr64' selected for automatic inline expansion
F:\mySolvers\PBM_noCoupling\particle_1D\mass_conservation.h(20): warning C4711: function 'double __cdecl VegReaction::get_Ta(void) __ptr64' selected for automatic inline expansion
C:\Program Files (x86)\Microsoft Visual Studio\2019\Community\VC\Tools\MSVC\14.28.29910\include\xutility(4383): warning C4711: function 'double * __ptr64 __cdecl std::_Copy_memmove<double * __ptr64,double * __ptr64>(double * __ptr64,double * __ptr64,double * __ptr64)' selected for automatic inline expansion
F:\mySolvers\PBM_noCoupling\particle_1D\mass_conservation.h(20): warning C4711: function 'double __cdecl VegReaction::get_A(void) __ptr64' selected for automatic inline expansion
C:\Program Files (x86)\Microsoft Visual Studio\2019\Community\VC\Tools\MSVC\14.28.29910\include\vector(1595): warning C4711: function 'double * __ptr64 __cdecl std::_Uninitialized_copy<double * __ptr64,class std::allocator<double> >(double * __ptr64 const,double * __ptr64 const,double * __ptr64,class std::allocator<double> & __ptr64)' selected for automatic inline expansion
C:\Program Files (x86)\Microsoft Visual Studio\2019\Community\VC\Tools\MSVC\14.28.29910\include\xmemory(805): warning C4711: function 'void __cdecl std::_Deallocate<16,0>(void * __ptr64,unsigned __int64)' selected for automatic inline expansion
C:\Program Files (x86)\Microsoft Visual Studio\2019\Community\VC\Tools\MSVC\14.28.29910\include\xutility(4383): warning C4711: function 'double * __ptr64 __cdecl std::_Copy_memmove<double * __ptr64,double * __ptr64>(double * __ptr64,double * __ptr64,double * __ptr64)' selected for automatic inline expansion
C:\Program Files (x86)\Microsoft Visual Studio\2019\Community\VC\Tools\MSVC\14.28.29910\include\vector(1595): warning C4711: function 'double * __ptr64 __cdecl std::_Uninitialized_copy<double * __ptr64,class std::allocator<double> >(double * __ptr64 const,double * __ptr64 const,double * __ptr64,class std::allocator<double> & __ptr64)' selected for automatic inline expansion
C:\Program Files (x86)\Microsoft Visual Studio\2019\Community\VC\Tools\MSVC\14.28.29910\include\xmemory(805): warning C4711: function 'void __cdecl std::_Deallocate<16,0>(void * __ptr64,unsigned __int64)' selected for automatic inline expansion
C:\Program Files (x86)\Microsoft Visual Studio\2019\Community\VC\Tools\MSVC\14.28.29910\include\xutility(4383): warning C4711: function 'double * __ptr64 __cdecl std::_Copy_memmove<double * __ptr64,double * __ptr64>(double * __ptr64,double * __ptr64,double * __ptr64)' selected for automatic inline expansion
C:\Program Files (x86)\Microsoft Visual Studio\2019\Community\VC\Tools\MSVC\14.28.29910\include\vector(1595): warning C4711: function 'double * __ptr64 __cdecl std::_Uninitialized_copy<double * __ptr64,class std::allocator<double> >(double * __ptr64 const,double * __ptr64 const,double * __ptr64,class std::allocator<double> & __ptr64)' selected for automatic inline expansion
C:\Program Files (x86)\Microsoft Visual Studio\2019\Community\VC\Tools\MSVC\14.28.29910\include\xmemory(805): warning C4711: function 'void __cdecl std::_Deallocate<16,0>(void * __ptr64,unsigned __int64)' selected for automatic inline expansion
C:\Program Files (x86)\Microsoft Visual Studio\2019\Community\VC\Tools\MSVC\14.28.29910\include\xutility(4383): warning C4711: function 'double * __ptr64 __cdecl std::_Copy_memmove<double * __ptr64,double * __ptr64>(double * __ptr64,double * __ptr64,double * __ptr64)' selected for automatic inline expansion
C:\Program Files (x86)\Microsoft Visual Studio\2019\Community\VC\Tools\MSVC\14.28.29910\include\vector(1595): warning C4711: function 'double * __ptr64 __cdecl std::_Uninitialized_copy<double * __ptr64,class std::allocator<double> >(double * __ptr64 const,double * __ptr64 const,double * __ptr64,class std::allocator<double> & __ptr64)' selected for automatic inline expansion
C:\Program Files (x86)\Microsoft Visual Studio\2019\Community\VC\Tools\MSVC\14.28.29910\include\xmemory(805): warning C4711: function 'void __cdecl std::_Deallocate<16,0>(void * __ptr64,unsigned __int64)' selected for automatic inline expansion
C:\Program Files (x86)\Microsoft Visual Studio\2019\Community\VC\Tools\MSVC\14.28.29910\include\xmemory(805): warning C4711: function 'void __cdecl std::_Deallocate<16,0>(void * __ptr64,unsigned __int64)' selected for automatic inline expansion
C:\Program Files (x86)\Microsoft Visual Studio\2019\Community\VC\Tools\MSVC\14.28.29910\include\xmemory(805): warning C4711: function 'void __cdecl std::_Deallocate<16,0>(void * __ptr64,unsigned __int64)' selected for automatic inline expansion
C:\Program Files (x86)\Microsoft Visual Studio\2019\Community\VC\Tools\MSVC\14.28.29910\include\xmemory(805): warning C4711: function 'void __cdecl std::_Deallocate<16,0>(void * __ptr64,unsigned __int64)' selected for automatic inline expansion
C:\Program Files (x86)\Microsoft Visual Studio\2019\Community\VC\Tools\MSVC\14.28.29910\include\xmemory(805): warning C4711: function 'void __cdecl std::_Deallocate<16,0>(void * __ptr64,unsigned __int64)' selected for automatic inline expansion
C:\Program Files (x86)\Microsoft Visual Studio\2019\Community\VC\Tools\MSVC\14.28.29910\include\xmemory(805): warning C4711: function 'void __cdecl std::_Deallocate<16,0>(void * __ptr64,unsigned __int64)' selected for automatic inline expansion
C:\Program Files (x86)\Microsoft Visual Studio\2019\Community\VC\Tools\MSVC\14.28.29910\include\xmemory(805): warning C4711: function 'void __cdecl std::_Deallocate<16,0>(void * __ptr64,unsigned __int64)' selected for automatic inline expansion
C:\Program Files (x86)\Microsoft Visual Studio\2019\Community\VC\Tools\MSVC\14.28.29910\include\xmemory(805): warning C4711: function 'void __cdecl std::_Deallocate<16,0>(void * __ptr64,unsigned __int64)' selected for automatic inline expansion
C:\Program Files (x86)\Microsoft Visual Studio\2019\Community\VC\Tools\MSVC\14.28.29910\include\xmemory(805): warning C4711: function 'void __cdecl std::_Deallocate<16,0>(void * __ptr64,unsigned __int64)' selected for automatic inline expansion
C:\Program Files (x86)\Microsoft Visual Studio\2019\Community\VC\Tools\MSVC\14.28.29910\include\xstring(2827): warning C4711: function 'void __cdecl std::_Pocca<class std::allocator<char> >(class std::allocator<char> & __ptr64,class std::allocator<char> const & __ptr64)' selected for automatic inline expansion
C:\Program Files (x86)\Microsoft Visual Studio\2019\Community\VC\Tools\MSVC\14.28.29910\include\vector(1158): warning C4711: function 'void __cdecl std::_Pocca<class std::allocator<double> >(class std::allocator<double> & __ptr64,class std::allocator<double> const & __ptr64)' selected for automatic inline expansion
C:\Program Files (x86)\Microsoft Visual Studio\2019\Community\VC\Tools\MSVC\14.28.29910\include\vector(1119): warning C4711: function 'double * __ptr64 __cdecl std::_Copy_memmove<double * __ptr64,double * __ptr64>(double * __ptr64,double * __ptr64,double * __ptr64)' selected for automatic inline expansion
C:\Program Files (x86)\Microsoft Visual Studio\2019\Community\VC\Tools\MSVC\14.28.29910\include\vector(1119): warning C4711: function 'double * __ptr64 __cdecl std::_Refancy<double * __ptr64,0>(double * __ptr64)' selected for automatic inline expansion
C:\Program Files (x86)\Microsoft Visual Studio\2019\Community\VC\Tools\MSVC\14.28.29910\include\vector(1158): warning C4711: function 'void __cdecl std::_Pocca<class std::allocator<double> >(class std::allocator<double> & __ptr64,class std::allocator<double> const & __ptr64)' selected for automatic inline expansion
C:\Program Files (x86)\Microsoft Visual Studio\2019\Community\VC\Tools\MSVC\14.28.29910\include\vector(1119): warning C4711: function 'double * __ptr64 __cdecl std::_Copy_memmove<double * __ptr64,double * __ptr64>(double * __ptr64,double * __ptr64,double * __ptr64)' selected for automatic inline expansion
C:\Program Files (x86)\Microsoft Visual Studio\2019\Community\VC\Tools\MSVC\14.28.29910\include\vector(1119): warning C4711: function 'double * __ptr64 __cdecl std::_Refancy<double * __ptr64,0>(double * __ptr64)' selected for automatic inline expansion
C:\Program Files (x86)\Microsoft Visual Studio\2019\Community\VC\Tools\MSVC\14.28.29910\include\vector(1158): warning C4711: function 'void __cdecl std::_Pocca<class std::allocator<double> >(class std::allocator<double> & __ptr64,class std::allocator<double> const & __ptr64)' selected for automatic inline expansion
C:\Program Files (x86)\Microsoft Visual Studio\2019\Community\VC\Tools\MSVC\14.28.29910\include\vector(1119): warning C4711: function 'double * __ptr64 __cdecl std::_Copy_memmove<double * __ptr64,double * __ptr64>(double * __ptr64,double * __ptr64,double * __ptr64)' selected for automatic inline expansion
C:\Program Files (x86)\Microsoft Visual Studio\2019\Community\VC\Tools\MSVC\14.28.29910\include\vector(1119): warning C4711: function 'double * __ptr64 __cdecl std::_Refancy<double * __ptr64,0>(double * __ptr64)' selected for automatic inline expansion
C:\Program Files (x86)\Microsoft Visual Studio\2019\Community\VC\Tools\MSVC\14.28.29910\include\xutility(4383): warning C4711: function 'double * __ptr64 __cdecl std::_Copy_memmove<double * __ptr64,double * __ptr64>(double * __ptr64,double * __ptr64,double * __ptr64)' selected for automatic inline expansion
C:\Program Files (x86)\Microsoft Visual Studio\2019\Community\VC\Tools\MSVC\14.28.29910\include\vector(1595): warning C4711: function 'double * __ptr64 __cdecl std::_Uninitialized_copy<double * __ptr64,class std::allocator<double> >(double * __ptr64 const,double * __ptr64 const,double * __ptr64,class std::allocator<double> & __ptr64)' selected for automatic inline expansion
C:\Program Files (x86)\Microsoft Visual Studio\2019\Community\VC\Tools\MSVC\14.28.29910\include\xmemory(805): warning C4711: function 'void __cdecl std::_Deallocate<16,0>(void * __ptr64,unsigned __int64)' selected for automatic inline expansion
C:\Program Files (x86)\Microsoft Visual Studio\2019\Community\VC\Tools\MSVC\14.28.29910\include\xutility(4383): warning C4711: function 'double * __ptr64 __cdecl std::_Copy_memmove<double * __ptr64,double * __ptr64>(double * __ptr64,double * __ptr64,double * __ptr64)' selected for automatic inline expansion
C:\Program Files (x86)\Microsoft Visual Studio\2019\Community\VC\Tools\MSVC\14.28.29910\include\vector(1595): warning C4711: function 'double * __ptr64 __cdecl std::_Uninitialized_copy<double * __ptr64,class std::allocator<double> >(double * __ptr64 const,double * __ptr64 const,double * __ptr64,class std::allocator<double> & __ptr64)' selected for automatic inline expansion
C:\Program Files (x86)\Microsoft Visual Studio\2019\Community\VC\Tools\MSVC\14.28.29910\include\xmemory(805): warning C4711: function 'void __cdecl std::_Deallocate<16,0>(void * __ptr64,unsigned __int64)' selected for automatic inline expansion
C:\Program Files (x86)\Microsoft Visual Studio\2019\Community\VC\Tools\MSVC\14.28.29910\include\xutility(4383): warning C4711: function 'double * __ptr64 __cdecl std::_Copy_memmove<double * __ptr64,double * __ptr64>(double * __ptr64,double * __ptr64,double * __ptr64)' selected for automatic inline expansion
C:\Program Files (x86)\Microsoft Visual Studio\2019\Community\VC\Tools\MSVC\14.28.29910\include\vector(1595): warning C4711: function 'double * __ptr64 __cdecl std::_Uninitialized_copy<double * __ptr64,class std::allocator<double> >(double * __ptr64 const,double * __ptr64 const,double * __ptr64,class std::allocator<double> & __ptr64)' selected for automatic inline expansion
C:\Program Files (x86)\Microsoft Visual Studio\2019\Community\VC\Tools\MSVC\14.28.29910\include\xmemory(805): warning C4711: function 'void __cdecl std::_Deallocate<16,0>(void * __ptr64,unsigned __int64)' selected for automatic inline expansion
F:\mySolvers\PBM_noCoupling\particle_1D\particle_1D.C(84): warning C4711: function 'double __cdecl VegReaction::get_A(void) __ptr64' selected for automatic inline expansion
F:\mySolvers\PBM_noCoupling\particle_1D\particle_1D.C(84): warning C4711: function 'double __cdecl VegReaction::get_Ta(void) __ptr64' selected for automatic inline expansion
F:\mySolvers\PBM_noCoupling\particle_1D\particle_1D.C(85): warning C4711: function 'double __cdecl VegReaction::get_A(void) __ptr64' selected for automatic inline expansion
F:\mySolvers\PBM_noCoupling\particle_1D\particle_1D.C(85): warning C4711: function 'double __cdecl VegReaction::get_Ta(void) __ptr64' selected for automatic inline expansion
F:\mySolvers\PBM_noCoupling\particle_1D\particle_1D.C(170): warning C4711: function 'double __cdecl particle_1D::tauChemical(void) __ptr64' selected for automatic inline expansion
C:\Program Files (x86)\Microsoft Visual Studio\2019\Community\VC\Tools\MSVC\14.28.29910\include\xmemory(805): warning C4711: function 'void __cdecl std::_Deallocate<16,0>(void * __ptr64,unsigned __int64)' selected for automatic inline expansion
C:\Program Files (x86)\Microsoft Visual Studio\2019\Community\VC\Tools\MSVC\14.28.29910\include\vector(604): warning C4711: function 'void __cdecl std::_Pocma<class std::allocator<double> >(class std::allocator<double> & __ptr64,class std::allocator<double> & __ptr64)' selected for automatic inline expansion
C:\Program Files (x86)\Microsoft Visual Studio\2019\Community\VC\Tools\MSVC\14.28.29910\include\xmemory(805): warning C4711: function 'void __cdecl std::_Deallocate<16,0>(void * __ptr64,unsigned __int64)' selected for automatic inline expansion
C:\Program Files (x86)\Microsoft Visual Studio\2019\Community\VC\Tools\MSVC\14.28.29910\include\xmemory(805): warning C4711: function 'void __cdecl std::_Deallocate<16,0>(void * __ptr64,unsigned __int64)' selected for automatic inline expansion
C:\Program Files (x86)\Microsoft Visual Studio\2019\Community\VC\Tools\MSVC\14.28.29910\include\vector(604): warning C4711: function 'void __cdecl std::_Pocma<class std::allocator<double> >(class std::allocator<double> & __ptr64,class std::allocator<double> & __ptr64)' selected for automatic inline expansion
C:\Program Files (x86)\Microsoft Visual Studio\2019\Community\VC\Tools\MSVC\14.28.29910\include\xmemory(805): warning C4711: function 'void __cdecl std::_Deallocate<16,0>(void * __ptr64,unsigned __int64)' selected for automatic inline expansion
C:\Program Files (x86)\Microsoft Visual Studio\2019\Community\VC\Tools\MSVC\14.28.29910\include\xmemory(805): warning C4711: function 'void __cdecl std::_Deallocate<16,0>(void * __ptr64,unsigned __int64)' selected for automatic inline expansion
C:\Program Files (x86)\Microsoft Visual Studio\2019\Community\VC\Tools\MSVC\14.28.29910\include\vector(604): warning C4711: function 'void __cdecl std::_Pocma<class std::allocator<double> >(class std::allocator<double> & __ptr64,class std::allocator<double> & __ptr64)' selected for automatic inline expansion
C:\Program Files (x86)\Microsoft Visual Studio\2019\Community\VC\Tools\MSVC\14.28.29910\include\xmemory(805): warning C4711: function 'void __cdecl std::_Deallocate<16,0>(void * __ptr64,unsigned __int64)' selected for automatic inline expansion
F:\mySolvers\PBM_noCoupling\particle_1D\particle_1D.C(524): warning C4711: function 'bool __cdecl std::operator==<char,struct std::char_traits<char>,class std::allocator<char> >(class std::basic_string<char,struct std::char_traits<char>,class std::allocator<char> > const & __ptr64,char const * __ptr64 const)' selected for automatic inline expansion
F:\mySolvers\PBM_noCoupling\particle_1D\particle_1D.C(527): warning C4711: function 'bool __cdecl std::operator==<char,struct std::char_traits<char>,class std::allocator<char> >(class std::basic_string<char,struct std::char_traits<char>,class std::allocator<char> > const & __ptr64,char const * __ptr64 const)' selected for automatic inline expansion
F:\mySolvers\PBM_noCoupling\particle_1D\particle_1D.C(531): warning C4711: function 'bool __cdecl std::operator==<char,struct std::char_traits<char>,class std::allocator<char> >(class std::basic_string<char,struct std::char_traits<char>,class std::allocator<char> > const & __ptr64,char const * __ptr64 const)' selected for automatic inline expansion
F:\mySolvers\PBM_noCoupling\particle_1D\particle_1D.C(180): warning C4711: function 'double __cdecl particle_1D::getVolume(double) __ptr64' selected for automatic inline expansion
F:\mySolvers\PBM_noCoupling\particle_1D\particle_1D.C(188): warning C4711: function 'bool __cdecl std::operator==<char,struct std::char_traits<char>,class std::allocator<char> >(class std::basic_string<char,struct std::char_traits<char>,class std::allocator<char> > const & __ptr64,char const * __ptr64 const)' selected for automatic inline expansion
C:\Program Files (x86)\Microsoft Visual Studio\2019\Community\VC\Tools\MSVC\14.28.29910\include\xmemory(805): warning C4711: function 'void __cdecl std::_Deallocate<16,0>(void * __ptr64,unsigned __int64)' selected for automatic inline expansion
C:\Program Files (x86)\Microsoft Visual Studio\2019\Community\VC\Tools\MSVC\14.28.29910\include\xmemory(805): warning C4711: function 'void __cdecl std::_Deallocate<16,0>(void * __ptr64,unsigned __int64)' selected for automatic inline expansion
C:\Program Files (x86)\Microsoft Visual Studio\2019\Community\VC\Tools\MSVC\14.28.29910\include\xmemory(805): warning C4711: function 'void __cdecl std::_Deallocate<16,0>(void * __ptr64,unsigned __int64)' selected for automatic inline expansion
C:\Program Files (x86)\Microsoft Visual Studio\2019\Community\VC\Tools\MSVC\14.28.29910\include\xmemory(805): warning C4711: function 'void __cdecl std::_Deallocate<16,0>(void * __ptr64,unsigned __int64)' selected for automatic inline expansion
F:\mySolvers\PBM_noCoupling\PBM.cpp(88): warning C4710: 'class std::basic_ostream<char,struct std::char_traits<char> > & __ptr64 __cdecl std::basic_ostream<char,struct std::char_traits<char> >::operator<<(class std::basic_ostream<char,struct std::char_traits<char> > & __ptr64 (__cdecl*)(class std::basic_ostream<char,struct std::char_traits<char> > & __ptr64)) __ptr64': function not inlined
F:\mySolvers\PBM_noCoupling\PBM.cpp(181): warning C4710: 'class std::basic_ostream<char,struct std::char_traits<char> > & __ptr64 __cdecl std::basic_ostream<char,struct std::char_traits<char> >::operator<<(double) __ptr64': function not inlined
F:\mySolvers\PBM_noCoupling\PBM.cpp(181): warning C4710: 'class std::basic_ostream<char,struct std::char_traits<char> > & __ptr64 __cdecl std::basic_ostream<char,struct std::char_traits<char> >::operator<<(double) __ptr64': function not inlined
F:\mySolvers\PBM_noCoupling\PBM.cpp(181): warning C4710: 'class std::basic_ostream<char,struct std::char_traits<char> > & __ptr64 __cdecl std::basic_ostream<char,struct std::char_traits<char> >::operator<<(double) __ptr64': function not inlined
F:\mySolvers\PBM_noCoupling\PBM.cpp(181): warning C4710: 'class std::basic_ostream<char,struct std::char_traits<char> > & __ptr64 __cdecl std::basic_ostream<char,struct std::char_traits<char> >::operator<<(double) __ptr64': function not inlined
F:\mySolvers\PBM_noCoupling\PBM.cpp(181): warning C4710: 'class std::basic_ostream<char,struct std::char_traits<char> > & __ptr64 __cdecl std::basic_ostream<char,struct std::char_traits<char> >::operator<<(double) __ptr64': function not inlined
F:\mySolvers\PBM_noCoupling\PBM.cpp(181): warning C4710: 'class std::basic_ostream<char,struct std::char_traits<char> > & __ptr64 __cdecl std::basic_ostream<char,struct std::char_traits<char> >::operator<<(double) __ptr64': function not inlined
F:\mySolvers\PBM_noCoupling\PBM.cpp(181): warning C4710: 'class std::basic_ostream<char,struct std::char_traits<char> > & __ptr64 __cdecl std::basic_ostream<char,struct std::char_traits<char> >::operator<<(double) __ptr64': function not inlined
F:\mySolvers\PBM_noCoupling\PBM.cpp(181): warning C4710: 'class std::basic_ostream<char,struct std::char_traits<char> > & __ptr64 __cdecl std::basic_ostream<char,struct std::char_traits<char> >::operator<<(class std::basic_ostream<char,struct std::char_traits<char> > & __ptr64 (__cdecl*)(class std::basic_ostream<char,struct std::char_traits<char> > & __ptr64)) __ptr64': function not inlined
F:\mySolvers\PBM_noCoupling\PBM.cpp(189): warning C4710: 'class std::basic_ostream<char,struct std::char_traits<char> > & __ptr64 __cdecl std::basic_ostream<char,struct std::char_traits<char> >::operator<<(double) __ptr64': function not inlined
F:\mySolvers\PBM_noCoupling\PBM.cpp(189): warning C4710: 'class std::basic_ostream<char,struct std::char_traits<char> > & __ptr64 __cdecl std::basic_ostream<char,struct std::char_traits<char> >::operator<<(double) __ptr64': function not inlined
F:\mySolvers\PBM_noCoupling\PBM.cpp(189): warning C4710: 'class std::basic_ostream<char,struct std::char_traits<char> > & __ptr64 __cdecl std::basic_ostream<char,struct std::char_traits<char> >::operator<<(class std::basic_ostream<char,struct std::char_traits<char> > & __ptr64 (__cdecl*)(class std::basic_ostream<char,struct std::char_traits<char> > & __ptr64)) __ptr64': function not inlined
F:\mySolvers\PBM_noCoupling\PBM.cpp(233): warning C4710: 'class std::basic_ostream<char,struct std::char_traits<char> > & __ptr64 __cdecl std::basic_ostream<char,struct std::char_traits<char> >::operator<<(double) __ptr64': function not inlined
F:\mySolvers\PBM_noCoupling\PBM.cpp(233): warning C4710: 'class std::basic_ostream<char,struct std::char_traits<char> > & __ptr64 __cdecl std::basic_ostream<char,struct std::char_traits<char> >::operator<<(class std::basic_ostream<char,struct std::char_traits<char> > & __ptr64 (__cdecl*)(class std::basic_ostream<char,struct std::char_traits<char> > & __ptr64)) __ptr64': function not inlined
F:\mySolvers\PBM_noCoupling\PBM.cpp(234): warning C4710: 'class std::basic_ostream<char,struct std::char_traits<char> > & __ptr64 __cdecl std::basic_ostream<char,struct std::char_traits<char> >::operator<<(double) __ptr64': function not inlined
F:\mySolvers\PBM_noCoupling\PBM.cpp(234): warning C4710: 'class std::basic_ostream<char,struct std::char_traits<char> > & __ptr64 __cdecl std::basic_ostream<char,struct std::char_traits<char> >::operator<<(class std::basic_ostream<char,struct std::char_traits<char> > & __ptr64 (__cdecl*)(class std::basic_ostream<char,struct std::char_traits<char> > & __ptr64)) __ptr64': function not inlined
F:\mySolvers\PBM_noCoupling\PBM.cpp(240): warning C4710: 'class std::basic_ostream<char,struct std::char_traits<char> > & __ptr64 __cdecl std::basic_ostream<char,struct std::char_traits<char> >::operator<<(double) __ptr64': function not inlined
F:\mySolvers\PBM_noCoupling\PBM.cpp(87): warning C4710: '__cdecl std::basic_ofstream<char,struct std::char_traits<char> >::basic_ofstream<char,struct std::char_traits<char> >(char const * __ptr64,int,int) __ptr64': function not inlined
F:\mySolvers\PBM_noCoupling\PBM.cpp(88): warning C4711: function 'class std::basic_ostream<char,struct std::char_traits<char> > & __ptr64 __cdecl std::operator<<<char,struct std::char_traits<char>,class std::allocator<char> >(class std::basic_ostream<char,struct std::char_traits<char> > & __ptr64,class std::basic_string<char,struct std::char_traits<char>,class std::allocator<char> > const & __ptr64)' selected for automatic inline expansion
C:\Program Files (x86)\Microsoft Visual Studio\2019\Community\VC\Tools\MSVC\14.28.29910\include\xutility(4383): warning C4711: function 'double * __ptr64 __cdecl std::_Copy_memmove<double * __ptr64,double * __ptr64>(double * __ptr64,double * __ptr64,double * __ptr64)' selected for automatic inline expansion
C:\Program Files (x86)\Microsoft Visual Studio\2019\Community\VC\Tools\MSVC\14.28.29910\include\vector(1595): warning C4711: function 'double * __ptr64 __cdecl std::_Uninitialized_copy<double * __ptr64,class std::allocator<double> >(double * __ptr64 const,double * __ptr64 const,double * __ptr64,class std::allocator<double> & __ptr64)' selected for automatic inline expansion
C:\Program Files (x86)\Microsoft Visual Studio\2019\Community\VC\Tools\MSVC\14.28.29910\include\xmemory(805): warning C4711: function 'void __cdecl std::_Deallocate<16,0>(void * __ptr64,unsigned __int64)' selected for automatic inline expansion
C:\Program Files (x86)\Microsoft Visual Studio\2019\Community\VC\Tools\MSVC\14.28.29910\include\xutility(4383): warning C4711: function 'double * __ptr64 __cdecl std::_Copy_memmove<double * __ptr64,double * __ptr64>(double * __ptr64,double * __ptr64,double * __ptr64)' selected for automatic inline expansion
C:\Program Files (x86)\Microsoft Visual Studio\2019\Community\VC\Tools\MSVC\14.28.29910\include\vector(1595): warning C4711: function 'double * __ptr64 __cdecl std::_Uninitialized_copy<double * __ptr64,class std::allocator<double> >(double * __ptr64 const,double * __ptr64 const,double * __ptr64,class std::allocator<double> & __ptr64)' selected for automatic inline expansion
C:\Program Files (x86)\Microsoft Visual Studio\2019\Community\VC\Tools\MSVC\14.28.29910\include\xmemory(805): warning C4711: function 'void __cdecl std::_Deallocate<16,0>(void * __ptr64,unsigned __int64)' selected for automatic inline expansion
C:\Program Files (x86)\Microsoft Visual Studio\2019\Community\VC\Tools\MSVC\14.28.29910\include\xutility(4383): warning C4711: function 'double * __ptr64 __cdecl std::_Copy_memmove<double * __ptr64,double * __ptr64>(double * __ptr64,double * __ptr64,double * __ptr64)' selected for automatic inline expansion
C:\Program Files (x86)\Microsoft Visual Studio\2019\Community\VC\Tools\MSVC\14.28.29910\include\vector(1595): warning C4711: function 'double * __ptr64 __cdecl std::_Uninitialized_copy<double * __ptr64,class std::allocator<double> >(double * __ptr64 const,double * __ptr64 const,double * __ptr64,class std::allocator<double> & __ptr64)' selected for automatic inline expansion
C:\Program Files (x86)\Microsoft Visual Studio\2019\Community\VC\Tools\MSVC\14.28.29910\include\xmemory(805): warning C4711: function 'void __cdecl std::_Deallocate<16,0>(void * __ptr64,unsigned __int64)' selected for automatic inline expansion
C:\Program Files (x86)\Microsoft Visual Studio\2019\Community\VC\Tools\MSVC\14.28.29910\include\xmemory(201): warning C4711: function 'void * __ptr64 __cdecl std::_Allocate_manually_vector_aligned<struct std::_Default_allocate_traits>(unsigned __int64)' selected for automatic inline expansion
C:\Program Files (x86)\Microsoft Visual Studio\2019\Community\VC\Tools\MSVC\14.28.29910\include\xmemory(809): warning C4711: function 'void * __ptr64 __cdecl std::_Allocate<16,struct std::_Default_allocate_traits,0>(unsigned __int64)' selected for automatic inline expansion
C:\Program Files (x86)\Microsoft Visual Studio\2019\Community\VC\Tools\MSVC\14.28.29910\include\xstring(2747): warning C4711: function 'void __cdecl std::_Construct_in_place<char * __ptr64,char * __ptr64 const & __ptr64>(char * __ptr64 & __ptr64,char * __ptr64 const & __ptr64)' selected for automatic inline expansion
F:\mySolvers\PBM_noCoupling\PBM.cpp(146): warning C4711: function 'double __cdecl particle_1D::getMass(void) __ptr64' selected for automatic inline expansion
F:\mySolvers\PBM_noCoupling\PBM.cpp(162): warning C4711: function 'bool __cdecl particle_1D::getState(void) __ptr64' selected for automatic inline expansion
F:\mySolvers\PBM_noCoupling\PBM.cpp(163): warning C4711: function 'double __cdecl particle_1D::getDelta(void) __ptr64' selected for automatic inline expansion
F:\mySolvers\PBM_noCoupling\PBM.cpp(164): warning C4711: function 'double __cdecl particle_1D::getMass(void) __ptr64' selected for automatic inline expansion
F:\mySolvers\PBM_noCoupling\PBM.cpp(165): warning C4711: function 'double __cdecl particle_1D::getVol(void) __ptr64' selected for automatic inline expansion
C:\Program Files (x86)\Microsoft Visual Studio\2019\Community\VC\Tools\MSVC\14.28.29910\include\xutility(4383): warning C4711: function 'double * __ptr64 __cdecl std::_Copy_memmove<double * __ptr64,double * __ptr64>(double * __ptr64,double * __ptr64,double * __ptr64)' selected for automatic inline expansion
C:\Program Files (x86)\Microsoft Visual Studio\2019\Community\VC\Tools\MSVC\14.28.29910\include\vector(1595): warning C4711: function 'double * __ptr64 __cdecl std::_Uninitialized_copy<double * __ptr64,class std::allocator<double> >(double * __ptr64 const,double * __ptr64 const,double * __ptr64,class std::allocator<double> & __ptr64)' selected for automatic inline expansion
C:\Program Files (x86)\Microsoft Visual Studio\2019\Community\VC\Tools\MSVC\14.28.29910\include\xmemory(805): warning C4711: function 'void __cdecl std::_Deallocate<16,0>(void * __ptr64,unsigned __int64)' selected for automatic inline expansion
F:\mySolvers\PBM_noCoupling\PBM.cpp(167): warning C4711: function 'class std::vector<double,class std::allocator<double> > __cdecl particle_1D::getT(void) __ptr64' selected for automatic inline expansion
C:\Program Files (x86)\Microsoft Visual Studio\2019\Community\VC\Tools\MSVC\14.28.29910\include\xmemory(805): warning C4711: function 'void __cdecl std::_Deallocate<16,0>(void * __ptr64,unsigned __int64)' selected for automatic inline expansion
C:\Program Files (x86)\Microsoft Visual Studio\2019\Community\VC\Tools\MSVC\14.28.29910\include\vector(604): warning C4711: function 'void __cdecl std::_Pocma<class std::allocator<double> >(class std::allocator<double> & __ptr64,class std::allocator<double> & __ptr64)' selected for automatic inline expansion
C:\Program Files (x86)\Microsoft Visual Studio\2019\Community\VC\Tools\MSVC\14.28.29910\include\xmemory(805): warning C4711: function 'void __cdecl std::_Deallocate<16,0>(void * __ptr64,unsigned __int64)' selected for automatic inline expansion
C:\Program Files (x86)\Microsoft Visual Studio\2019\Community\VC\Tools\MSVC\14.28.29910\include\xutility(4383): warning C4711: function 'double * __ptr64 __cdecl std::_Copy_memmove<double * __ptr64,double * __ptr64>(double * __ptr64,double * __ptr64,double * __ptr64)' selected for automatic inline expansion
C:\Program Files (x86)\Microsoft Visual Studio\2019\Community\VC\Tools\MSVC\14.28.29910\include\vector(1595): warning C4711: function 'double * __ptr64 __cdecl std::_Uninitialized_copy<double * __ptr64,class std::allocator<double> >(double * __ptr64 const,double * __ptr64 const,double * __ptr64,class std::allocator<double> & __ptr64)' selected for automatic inline expansion
C:\Program Files (x86)\Microsoft Visual Studio\2019\Community\VC\Tools\MSVC\14.28.29910\include\xmemory(805): warning C4711: function 'void __cdecl std::_Deallocate<16,0>(void * __ptr64,unsigned __int64)' selected for automatic inline expansion
F:\mySolvers\PBM_noCoupling\PBM.cpp(168): warning C4711: function 'class std::vector<double,class std::allocator<double> > __cdecl particle_1D::getXm(void) __ptr64' selected for automatic inline expansion
C:\Program Files (x86)\Microsoft Visual Studio\2019\Community\VC\Tools\MSVC\14.28.29910\include\xmemory(805): warning C4711: function 'void __cdecl std::_Deallocate<16,0>(void * __ptr64,unsigned __int64)' selected for automatic inline expansion
C:\Program Files (x86)\Microsoft Visual Studio\2019\Community\VC\Tools\MSVC\14.28.29910\include\vector(604): warning C4711: function 'void __cdecl std::_Pocma<class std::allocator<double> >(class std::allocator<double> & __ptr64,class std::allocator<double> & __ptr64)' selected for automatic inline expansion
C:\Program Files (x86)\Microsoft Visual Studio\2019\Community\VC\Tools\MSVC\14.28.29910\include\xmemory(805): warning C4711: function 'void __cdecl std::_Deallocate<16,0>(void * __ptr64,unsigned __int64)' selected for automatic inline expansion
C:\Program Files (x86)\Microsoft Visual Studio\2019\Community\VC\Tools\MSVC\14.28.29910\include\xutility(4383): warning C4711: function 'double * __ptr64 __cdecl std::_Copy_memmove<double * __ptr64,double * __ptr64>(double * __ptr64,double * __ptr64,double * __ptr64)' selected for automatic inline expansion
C:\Program Files (x86)\Microsoft Visual Studio\2019\Community\VC\Tools\MSVC\14.28.29910\include\vector(1595): warning C4711: function 'double * __ptr64 __cdecl std::_Uninitialized_copy<double * __ptr64,class std::allocator<double> >(double * __ptr64 const,double * __ptr64 const,double * __ptr64,class std::allocator<double> & __ptr64)' selected for automatic inline expansion
C:\Program Files (x86)\Microsoft Visual Studio\2019\Community\VC\Tools\MSVC\14.28.29910\include\xmemory(805): warning C4711: function 'void __cdecl std::_Deallocate<16,0>(void * __ptr64,unsigned __int64)' selected for automatic inline expansion
F:\mySolvers\PBM_noCoupling\PBM.cpp(169): warning C4711: function 'class std::vector<double,class std::allocator<double> > __cdecl particle_1D::getXvs(void) __ptr64' selected for automatic inline expansion
C:\Program Files (x86)\Microsoft Visual Studio\2019\Community\VC\Tools\MSVC\14.28.29910\include\xmemory(805): warning C4711: function 'void __cdecl std::_Deallocate<16,0>(void * __ptr64,unsigned __int64)' selected for automatic inline expansion
C:\Program Files (x86)\Microsoft Visual Studio\2019\Community\VC\Tools\MSVC\14.28.29910\include\vector(604): warning C4711: function 'void __cdecl std::_Pocma<class std::allocator<double> >(class std::allocator<double> & __ptr64,class std::allocator<double> & __ptr64)' selected for automatic inline expansion
C:\Program Files (x86)\Microsoft Visual Studio\2019\Community\VC\Tools\MSVC\14.28.29910\include\xmemory(805): warning C4711: function 'void __cdecl std::_Deallocate<16,0>(void * __ptr64,unsigned __int64)' selected for automatic inline expansion
C:\Program Files (x86)\Microsoft Visual Studio\2019\Community\VC\Tools\MSVC\14.28.29910\include\xutility(4383): warning C4711: function 'double * __ptr64 __cdecl std::_Copy_memmove<double * __ptr64,double * __ptr64>(double * __ptr64,double * __ptr64,double * __ptr64)' selected for automatic inline expansion
C:\Program Files (x86)\Microsoft Visual Studio\2019\Community\VC\Tools\MSVC\14.28.29910\include\vector(1595): warning C4711: function 'double * __ptr64 __cdecl std::_Uninitialized_copy<double * __ptr64,class std::allocator<double> >(double * __ptr64 const,double * __ptr64 const,double * __ptr64,class std::allocator<double> & __ptr64)' selected for automatic inline expansion
C:\Program Files (x86)\Microsoft Visual Studio\2019\Community\VC\Tools\MSVC\14.28.29910\include\xmemory(805): warning C4711: function 'void __cdecl std::_Deallocate<16,0>(void * __ptr64,unsigned __int64)' selected for automatic inline expansion
F:\mySolvers\PBM_noCoupling\PBM.cpp(171): warning C4711: function 'class std::vector<double,class std::allocator<double> > __cdecl particle_1D::getT(void) __ptr64' selected for automatic inline expansion
C:\Program Files (x86)\Microsoft Visual Studio\2019\Community\VC\Tools\MSVC\14.28.29910\include\xmemory(805): warning C4711: function 'void __cdecl std::_Deallocate<16,0>(void * __ptr64,unsigned __int64)' selected for automatic inline expansion
C:\Program Files (x86)\Microsoft Visual Studio\2019\Community\VC\Tools\MSVC\14.28.29910\include\xutility(4383): warning C4711: function 'double * __ptr64 __cdecl std::_Copy_memmove<double * __ptr64,double * __ptr64>(double * __ptr64,double * __ptr64,double * __ptr64)' selected for automatic inline expansion
C:\Program Files (x86)\Microsoft Visual Studio\2019\Community\VC\Tools\MSVC\14.28.29910\include\vector(1595): warning C4711: function 'double * __ptr64 __cdecl std::_Uninitialized_copy<double * __ptr64,class std::allocator<double> >(double * __ptr64 const,double * __ptr64 const,double * __ptr64,class std::allocator<double> & __ptr64)' selected for automatic inline expansion
C:\Program Files (x86)\Microsoft Visual Studio\2019\Community\VC\Tools\MSVC\14.28.29910\include\xmemory(805): warning C4711: function 'void __cdecl std::_Deallocate<16,0>(void * __ptr64,unsigned __int64)' selected for automatic inline expansion
F:\mySolvers\PBM_noCoupling\PBM.cpp(172): warning C4711: function 'class std::vector<double,class std::allocator<double> > __cdecl particle_1D::getT(void) __ptr64' selected for automatic inline expansion
C:\Program Files (x86)\Microsoft Visual Studio\2019\Community\VC\Tools\MSVC\14.28.29910\include\xmemory(805): warning C4711: function 'void __cdecl std::_Deallocate<16,0>(void * __ptr64,unsigned __int64)' selected for automatic inline expansion
F:\mySolvers\PBM_noCoupling\PBM.cpp(174): warning C4711: function 'double __cdecl particle_1D::getHconv(void) __ptr64' selected for automatic inline expansion
F:\mySolvers\PBM_noCoupling\PBM.cpp(176): warning C4711: function 'double __cdecl particle_1D::getMLR(void) __ptr64' selected for automatic inline expansion
F:\mySolvers\PBM_noCoupling\PBM.cpp(177): warning C4711: function 'double __cdecl particle_1D::getGFRR(void) __ptr64' selected for automatic inline expansion
F:\mySolvers\PBM_noCoupling\PBM.cpp(179): warning C4711: function 'double __cdecl particle_1D::getCharHRR(void) __ptr64' selected for automatic inline expansion
C:\Program Files (x86)\Microsoft Visual Studio\2019\Community\VC\Tools\MSVC\14.28.29910\include\xutility(4383): warning C4711: function 'double * __ptr64 __cdecl std::_Copy_memmove<double * __ptr64,double * __ptr64>(double * __ptr64,double * __ptr64,double * __ptr64)' selected for automatic inline expansion
C:\Program Files (x86)\Microsoft Visual Studio\2019\Community\VC\Tools\MSVC\14.28.29910\include\vector(1595): warning C4711: function 'double * __ptr64 __cdecl std::_Uninitialized_copy<double * __ptr64,class std::allocator<double> >(double * __ptr64 const,double * __ptr64 const,double * __ptr64,class std::allocator<double> & __ptr64)' selected for automatic inline expansion
C:\Program Files (x86)\Microsoft Visual Studio\2019\Community\VC\Tools\MSVC\14.28.29910\include\xmemory(805): warning C4711: function 'void __cdecl std::_Deallocate<16,0>(void * __ptr64,unsigned __int64)' selected for automatic inline expansion
F:\mySolvers\PBM_noCoupling\PBM.cpp(184): warning C4711: function 'double __cdecl particle_1D::getNcells(void) __ptr64' selected for automatic inline expansion
C:\Program Files (x86)\Microsoft Visual Studio\2019\Community\VC\Tools\MSVC\14.28.29910\include\xutility(4383): warning C4711: function 'double * __ptr64 __cdecl std::_Copy_memmove<double * __ptr64,double * __ptr64>(double * __ptr64,double * __ptr64,double * __ptr64)' selected for automatic inline expansion
F:\mySolvers\PBM_noCoupling\particle_1D\particle_1D.C(448): warning C4710: 'class std::basic_ostream<char,struct std::char_traits<char> > & __ptr64 __cdecl std::basic_ostream<char,struct std::char_traits<char> >::operator<<(class std::basic_ostream<char,struct std::char_traits<char> > & __ptr64 (__cdecl*)(class std::basic_ostream<char,struct std::char_traits<char> > & __ptr64)) __ptr64': function not inlined
C:\Program Files (x86)\Microsoft Visual Studio\2019\Community\VC\Tools\MSVC\14.28.29910\include\vector(1595): warning C4711: function 'double * __ptr64 __cdecl std::_Uninitialized_copy<double * __ptr64,class std::allocator<double> >(double * __ptr64 const,double * __ptr64 const,double * __ptr64,class std::allocator<double> & __ptr64)' selected for automatic inline expansion
F:\mySolvers\PBM_noCoupling\particle_1D\particle_1D.C(453): warning C4710: 'class std::basic_ostream<char,struct std::char_traits<char> > & __ptr64 __cdecl std::basic_ostream<char,struct std::char_traits<char> >::operator<<(class std::basic_ostream<char,struct std::char_traits<char> > & __ptr64 (__cdecl*)(class std::basic_ostream<char,struct std::char_traits<char> > & __ptr64)) __ptr64': function not inlined
C:\Program Files (x86)\Microsoft Visual Studio\2019\Community\VC\Tools\MSVC\14.28.29910\include\xmemory(805): warning C4711: function 'void __cdecl std::_Deallocate<16,0>(void * __ptr64,unsigned __int64)' selected for automatic inline expansion
C:\Program Files (x86)\Microsoft Visual Studio\2019\Community\VC\Tools\MSVC\14.28.29910\include\xmemory(201): warning C4711: function 'void * __ptr64 __cdecl std::_Allocate_manually_vector_aligned<struct std::_Default_allocate_traits>(unsigned __int64)' selected for automatic inline expansion
F:\mySolvers\PBM_noCoupling\PBM.cpp(185): warning C4711: function 'double __cdecl particle_1D::getNcells(void) __ptr64' selected for automatic inline expansion
C:\Program Files (x86)\Microsoft Visual Studio\2019\Community\VC\Tools\MSVC\14.28.29910\include\xmemory(809): warning C4711: function 'void * __ptr64 __cdecl std::_Allocate<16,struct std::_Default_allocate_traits,0>(unsigned __int64)' selected for automatic inline expansion
C:\Program Files (x86)\Microsoft Visual Studio\2019\Community\VC\Tools\MSVC\14.28.29910\include\xutility(4383): warning C4711: function 'double * __ptr64 __cdecl std::_Copy_memmove<double * __ptr64,double * __ptr64>(double * __ptr64,double * __ptr64,double * __ptr64)' selected for automatic inline expansion
C:\Program Files (x86)\Microsoft Visual Studio\2019\Community\VC\Tools\MSVC\14.28.29910\include\xstring(2747): warning C4711: function 'void __cdecl std::_Construct_in_place<char * __ptr64,char * __ptr64 const & __ptr64>(char * __ptr64 & __ptr64,char * __ptr64 const & __ptr64)' selected for automatic inline expansion
C:\Program Files (x86)\Microsoft Visual Studio\2019\Community\VC\Tools\MSVC\14.28.29910\include\vector(1595): warning C4711: function 'double * __ptr64 __cdecl std::_Uninitialized_copy<double * __ptr64,class std::allocator<double> >(double * __ptr64 const,double * __ptr64 const,double * __ptr64,class std::allocator<double> & __ptr64)' selected for automatic inline expansion
C:\Program Files (x86)\Microsoft Visual Studio\2019\Community\VC\Tools\MSVC\14.28.29910\include\vector(1158): warning C4711: function 'void __cdecl std::_Pocca<class std::allocator<double> >(class std::allocator<double> & __ptr64,class std::allocator<double> const & __ptr64)' selected for automatic inline expansion
C:\Program Files (x86)\Microsoft Visual Studio\2019\Community\VC\Tools\MSVC\14.28.29910\include\xmemory(805): warning C4711: function 'void __cdecl std::_Deallocate<16,0>(void * __ptr64,unsigned __int64)' selected for automatic inline expansion
C:\Program Files (x86)\Microsoft Visual Studio\2019\Community\VC\Tools\MSVC\14.28.29910\include\vector(1119): warning C4711: function 'double * __ptr64 __cdecl std::_Copy_memmove<double * __ptr64,double * __ptr64>(double * __ptr64,double * __ptr64,double * __ptr64)' selected for automatic inline expansion
F:\mySolvers\PBM_noCoupling\PBM.cpp(186): warning C4711: function 'double __cdecl particle_1D::getNcells(void) __ptr64' selected for automatic inline expansion
C:\Program Files (x86)\Microsoft Visual Studio\2019\Community\VC\Tools\MSVC\14.28.29910\include\vector(1119): warning C4711: function 'double * __ptr64 __cdecl std::_Refancy<double * __ptr64,0>(double * __ptr64)' selected for automatic inline expansion
C:\Program Files (x86)\Microsoft Visual Studio\2019\Community\VC\Tools\MSVC\14.28.29910\include\xutility(4383): warning C4711: function 'double * __ptr64 __cdecl std::_Copy_memmove<double * __ptr64,double * __ptr64>(double * __ptr64,double * __ptr64,double * __ptr64)' selected for automatic inline expansion
C:\Program Files (x86)\Microsoft Visual Studio\2019\Community\VC\Tools\MSVC\14.28.29910\include\vector(1158): warning C4711: function 'void __cdecl std::_Pocca<class std::allocator<double> >(class std::allocator<double> & __ptr64,class std::allocator<double> const & __ptr64)' selected for automatic inline expansion
C:\Program Files (x86)\Microsoft Visual Studio\2019\Community\VC\Tools\MSVC\14.28.29910\include\vector(1595): warning C4711: function 'double * __ptr64 __cdecl std::_Uninitialized_copy<double * __ptr64,class std::allocator<double> >(double * __ptr64 const,double * __ptr64 const,double * __ptr64,class std::allocator<double> & __ptr64)' selected for automatic inline expansion
C:\Program Files (x86)\Microsoft Visual Studio\2019\Community\VC\Tools\MSVC\14.28.29910\include\vector(1119): warning C4711: function 'double * __ptr64 __cdecl std::_Copy_memmove<double * __ptr64,double * __ptr64>(double * __ptr64,double * __ptr64,double * __ptr64)' selected for automatic inline expansion
C:\Program Files (x86)\Microsoft Visual Studio\2019\Community\VC\Tools\MSVC\14.28.29910\include\xmemory(805): warning C4711: function 'void __cdecl std::_Deallocate<16,0>(void * __ptr64,unsigned __int64)' selected for automatic inline expansion
C:\Program Files (x86)\Microsoft Visual Studio\2019\Community\VC\Tools\MSVC\14.28.29910\include\vector(1119): warning C4711: function 'double * __ptr64 __cdecl std::_Refancy<double * __ptr64,0>(double * __ptr64)' selected for automatic inline expansion
F:\mySolvers\PBM_noCoupling\PBM.cpp(187): warning C4711: function 'class std::vector<double,class std::allocator<double> > __cdecl particle_1D::getCellCenters(void) __ptr64' selected for automatic inline expansion
C:\Program Files (x86)\Microsoft Visual Studio\2019\Community\VC\Tools\MSVC\14.28.29910\include\vector(1158): warning C4711: function 'void __cdecl std::_Pocca<class std::allocator<double> >(class std::allocator<double> & __ptr64,class std::allocator<double> const & __ptr64)' selected for automatic inline expansion
F:\mySolvers\PBM_noCoupling\PBM.cpp(187): warning C4711: function 'double __cdecl particle_1D::getNcells(void) __ptr64' selected for automatic inline expansion
F:\mySolvers\PBM_noCoupling\PBM.cpp(200): warning C4711: function 'bool __cdecl std::operator==<char,struct std::char_traits<char>,class std::allocator<char> >(class std::basic_string<char,struct std::char_traits<char>,class std::allocator<char> > const & __ptr64,char const * __ptr64 const)' selected for automatic inline expansion
C:\Program Files (x86)\Microsoft Visual Studio\2019\Community\VC\Tools\MSVC\14.28.29910\include\vector(1119): warning C4711: function 'double * __ptr64 __cdecl std::_Copy_memmove<double * __ptr64,double * __ptr64>(double * __ptr64,double * __ptr64,double * __ptr64)' selected for automatic inline expansion
F:\mySolvers\PBM_noCoupling\PBM.cpp(205): warning C4711: function 'bool __cdecl std::operator==<char,struct std::char_traits<char>,class std::allocator<char> >(class std::basic_string<char,struct std::char_traits<char>,class std::allocator<char> > const & __ptr64,char const * __ptr64 const)' selected for automatic inline expansion
C:\Program Files (x86)\Microsoft Visual Studio\2019\Community\VC\Tools\MSVC\14.28.29910\include\vector(1119): warning C4711: function 'double * __ptr64 __cdecl std::_Refancy<double * __ptr64,0>(double * __ptr64)' selected for automatic inline expansion
F:\mySolvers\PBM_noCoupling\PBM.cpp(211): warning C4711: function 'bool __cdecl std::operator==<char,struct std::char_traits<char>,class std::allocator<char> >(class std::basic_string<char,struct std::char_traits<char>,class std::allocator<char> > const & __ptr64,char const * __ptr64 const)' selected for automatic inline expansion
C:\Program Files (x86)\Microsoft Visual Studio\2019\Community\VC\Tools\MSVC\14.28.29910\include\vector(1158): warning C4711: function 'void __cdecl std::_Pocca<class std::allocator<double> >(class std::allocator<double> & __ptr64,class std::allocator<double> const & __ptr64)' selected for automatic inline expansion
C:\Program Files (x86)\Microsoft Visual Studio\2019\Community\VC\Tools\MSVC\14.28.29910\include\xmemory(805): warning C4711: function 'void __cdecl std::_Deallocate<16,0>(void * __ptr64,unsigned __int64)' selected for automatic inline expansion
C:\Program Files (x86)\Microsoft Visual Studio\2019\Community\VC\Tools\MSVC\14.28.29910\include\vector(1119): warning C4711: function 'double * __ptr64 __cdecl std::_Copy_memmove<double * __ptr64,double * __ptr64>(double * __ptr64,double * __ptr64,double * __ptr64)' selected for automatic inline expansion
C:\Program Files (x86)\Microsoft Visual Studio\2019\Community\VC\Tools\MSVC\14.28.29910\include\xmemory(805): warning C4711: function 'void __cdecl std::_Deallocate<16,0>(void * __ptr64,unsigned __int64)' selected for automatic inline expansion
C:\Program Files (x86)\Microsoft Visual Studio\2019\Community\VC\Tools\MSVC\14.28.29910\include\vector(1119): warning C4711: function 'double * __ptr64 __cdecl std::_Refancy<double * __ptr64,0>(double * __ptr64)' selected for automatic inline expansion
C:\Program Files (x86)\Microsoft Visual Studio\2019\Community\VC\Tools\MSVC\14.28.29910\include\xmemory(805): warning C4711: function 'void __cdecl std::_Deallocate<16,0>(void * __ptr64,unsigned __int64)' selected for automatic inline expansion
C:\Program Files (x86)\Microsoft Visual Studio\2019\Community\VC\Tools\MSVC\14.28.29910\include\vector(1158): warning C4711: function 'void __cdecl std::_Pocca<class std::allocator<double> >(class std::allocator<double> & __ptr64,class std::allocator<double> const & __ptr64)' selected for automatic inline expansion
C:\Program Files (x86)\Microsoft Visual Studio\2019\Community\VC\Tools\MSVC\14.28.29910\include\xmemory(805): warning C4711: function 'void __cdecl std::_Deallocate<16,0>(void * __ptr64,unsigned __int64)' selected for automatic inline expansion
C:\Program Files (x86)\Microsoft Visual Studio\2019\Community\VC\Tools\MSVC\14.28.29910\include\vector(1119): warning C4711: function 'double * __ptr64 __cdecl std::_Copy_memmove<double * __ptr64,double * __ptr64>(double * __ptr64,double * __ptr64,double * __ptr64)' selected for automatic inline expansion
C:\Program Files (x86)\Microsoft Visual Studio\2019\Community\VC\Tools\MSVC\14.28.29910\include\xmemory(805): warning C4711: function 'void __cdecl std::_Deallocate<16,0>(void * __ptr64,unsigned __int64)' selected for automatic inline expansion
C:\Program Files (x86)\Microsoft Visual Studio\2019\Community\VC\Tools\MSVC\14.28.29910\include\vector(1119): warning C4711: function 'double * __ptr64 __cdecl std::_Refancy<double * __ptr64,0>(double * __ptr64)' selected for automatic inline expansion
C:\Program Files (x86)\Microsoft Visual Studio\2019\Community\VC\Tools\MSVC\14.28.29910\include\vector(1158): warning C4711: function 'void __cdecl std::_Pocca<class std::allocator<double> >(class std::allocator<double> & __ptr64,class std::allocator<double> const & __ptr64)' selected for automatic inline expansion
C:\Program Files (x86)\Microsoft Visual Studio\2019\Community\VC\Tools\MSVC\14.28.29910\include\vector(1119): warning C4711: function 'double * __ptr64 __cdecl std::_Copy_memmove<double * __ptr64,double * __ptr64>(double * __ptr64,double * __ptr64,double * __ptr64)' selected for automatic inline expansion
C:\Program Files (x86)\Microsoft Visual Studio\2019\Community\VC\Tools\MSVC\14.28.29910\include\vector(1119): warning C4711: function 'double * __ptr64 __cdecl std::_Refancy<double * __ptr64,0>(double * __ptr64)' selected for automatic inline expansion
C:\Program Files (x86)\Microsoft Visual Studio\2019\Community\VC\Tools\MSVC\14.28.29910\include\vector(1158): warning C4711: function 'void __cdecl std::_Pocca<class std::allocator<double> >(class std::allocator<double> & __ptr64,class std::allocator<double> const & __ptr64)' selected for automatic inline expansion
C:\Program Files (x86)\Microsoft Visual Studio\2019\Community\VC\Tools\MSVC\14.28.29910\include\vector(1119): warning C4711: function 'double * __ptr64 __cdecl std::_Copy_memmove<double * __ptr64,double * __ptr64>(double * __ptr64,double * __ptr64,double * __ptr64)' selected for automatic inline expansion
C:\Program Files (x86)\Microsoft Visual Studio\2019\Community\VC\Tools\MSVC\14.28.29910\include\vector(1119): warning C4711: function 'double * __ptr64 __cdecl std::_Refancy<double * __ptr64,0>(double * __ptr64)' selected for automatic inline expansion
C:\Program Files (x86)\Microsoft Visual Studio\2019\Community\VC\Tools\MSVC\14.28.29910\include\xmemory(805): warning C4711: function 'void __cdecl std::_Deallocate<16,0>(void * __ptr64,unsigned __int64)' selected for automatic inline expansion
C:\Program Files (x86)\Microsoft Visual Studio\2019\Community\VC\Tools\MSVC\14.28.29910\include\vector(604): warning C4711: function 'void __cdecl std::_Pocma<class std::allocator<double> >(class std::allocator<double> & __ptr64,class std::allocator<double> & __ptr64)' selected for automatic inline expansion
C:\Program Files (x86)\Microsoft Visual Studio\2019\Community\VC\Tools\MSVC\14.28.29910\include\xmemory(805): warning C4711: function 'void __cdecl std::_Deallocate<16,0>(void * __ptr64,unsigned __int64)' selected for automatic inline expansion
C:\Program Files (x86)\Microsoft Visual Studio\2019\Community\VC\Tools\MSVC\14.28.29910\include\vector(1158): warning C4711: function 'void __cdecl std::_Pocca<class std::allocator<double> >(class std::allocator<double> & __ptr64,class std::allocator<double> const & __ptr64)' selected for automatic inline expansion
C:\Program Files (x86)\Microsoft Visual Studio\2019\Community\VC\Tools\MSVC\14.28.29910\include\vector(1119): warning C4711: function 'double * __ptr64 __cdecl std::_Copy_memmove<double * __ptr64,double * __ptr64>(double * __ptr64,double * __ptr64,double * __ptr64)' selected for automatic inline expansion
C:\Program Files (x86)\Microsoft Visual Studio\2019\Community\VC\Tools\MSVC\14.28.29910\include\vector(1119): warning C4711: function 'double * __ptr64 __cdecl std::_Refancy<double * __ptr64,0>(double * __ptr64)' selected for automatic inline expansion
C:\Program Files (x86)\Microsoft Visual Studio\2019\Community\VC\Tools\MSVC\14.28.29910\include\xmemory(805): warning C4711: function 'void __cdecl std::_Deallocate<16,0>(void * __ptr64,unsigned __int64)' selected for automatic inline expansion
C:\Program Files (x86)\Microsoft Visual Studio\2019\Community\VC\Tools\MSVC\14.28.29910\include\vector(604): warning C4711: function 'void __cdecl std::_Pocma<class std::allocator<double> >(class std::allocator<double> & __ptr64,class std::allocator<double> & __ptr64)' selected for automatic inline expansion
C:\Program Files (x86)\Microsoft Visual Studio\2019\Community\VC\Tools\MSVC\14.28.29910\include\xmemory(805): warning C4711: function 'void __cdecl std::_Deallocate<16,0>(void * __ptr64,unsigned __int64)' selected for automatic inline expansion
C:\Program Files (x86)\Microsoft Visual Studio\2019\Community\VC\Tools\MSVC\14.28.29910\include\vector(1158): warning C4711: function 'void __cdecl std::_Pocca<class std::allocator<double> >(class std::allocator<double> & __ptr64,class std::allocator<double> const & __ptr64)' selected for automatic inline expansion
C:\Program Files (x86)\Microsoft Visual Studio\2019\Community\VC\Tools\MSVC\14.28.29910\include\vector(1119): warning C4711: function 'double * __ptr64 __cdecl std::_Copy_memmove<double * __ptr64,double * __ptr64>(double * __ptr64,double * __ptr64,double * __ptr64)' selected for automatic inline expansion
C:\Program Files (x86)\Microsoft Visual Studio\2019\Community\VC\Tools\MSVC\14.28.29910\include\vector(1119): warning C4711: function 'double * __ptr64 __cdecl std::_Refancy<double * __ptr64,0>(double * __ptr64)' selected for automatic inline expansion
C:\Program Files (x86)\Microsoft Visual Studio\2019\Community\VC\Tools\MSVC\14.28.29910\include\xmemory(805): warning C4711: function 'void __cdecl std::_Deallocate<16,0>(void * __ptr64,unsigned __int64)' selected for automatic inline expansion
C:\Program Files (x86)\Microsoft Visual Studio\2019\Community\VC\Tools\MSVC\14.28.29910\include\vector(604): warning C4711: function 'void __cdecl std::_Pocma<class std::allocator<double> >(class std::allocator<double> & __ptr64,class std::allocator<double> & __ptr64)' selected for automatic inline expansion
C:\Program Files (x86)\Microsoft Visual Studio\2019\Community\VC\Tools\MSVC\14.28.29910\include\xmemory(805): warning C4711: function 'void __cdecl std::_Deallocate<16,0>(void * __ptr64,unsigned __int64)' selected for automatic inline expansion
C:\Program Files (x86)\Microsoft Visual Studio\2019\Community\VC\Tools\MSVC\14.28.29910\include\vector(1158): warning C4711: function 'void __cdecl std::_Pocca<class std::allocator<double> >(class std::allocator<double> & __ptr64,class std::allocator<double> const & __ptr64)' selected for automatic inline expansion
C:\Program Files (x86)\Microsoft Visual Studio\2019\Community\VC\Tools\MSVC\14.28.29910\include\vector(1119): warning C4711: function 'double * __ptr64 __cdecl std::_Copy_memmove<double * __ptr64,double * __ptr64>(double * __ptr64,double * __ptr64,double * __ptr64)' selected for automatic inline expansion
C:\Program Files (x86)\Microsoft Visual Studio\2019\Community\VC\Tools\MSVC\14.28.29910\include\vector(1119): warning C4711: function 'double * __ptr64 __cdecl std::_Refancy<double * __ptr64,0>(double * __ptr64)' selected for automatic inline expansion
F:\mySolvers\PBM_noCoupling\particle_1D\particle_1D.C(524): warning C4711: function 'bool __cdecl std::operator==<char,struct std::char_traits<char>,class std::allocator<char> >(class std::basic_string<char,struct std::char_traits<char>,class std::allocator<char> > const & __ptr64,char const * __ptr64 const)' selected for automatic inline expansion
F:\mySolvers\PBM_noCoupling\particle_1D\particle_1D.C(527): warning C4711: function 'bool __cdecl std::operator==<char,struct std::char_traits<char>,class std::allocator<char> >(class std::basic_string<char,struct std::char_traits<char>,class std::allocator<char> > const & __ptr64,char const * __ptr64 const)' selected for automatic inline expansion
F:\mySolvers\PBM_noCoupling\particle_1D\particle_1D.C(531): warning C4711: function 'bool __cdecl std::operator==<char,struct std::char_traits<char>,class std::allocator<char> >(class std::basic_string<char,struct std::char_traits<char>,class std::allocator<char> > const & __ptr64,char const * __ptr64 const)' selected for automatic inline expansion
F:\mySolvers\PBM_noCoupling\particle_1D\particle_1D.C(386): warning C4711: function 'double __cdecl particle_1D::getVolume(double) __ptr64' selected for automatic inline expansion
C:\Program Files (x86)\Microsoft Visual Studio\2019\Community\VC\Tools\MSVC\14.28.29910\include\xmemory(201): warning C4711: function 'void * __ptr64 __cdecl std::_Allocate_manually_vector_aligned<struct std::_Default_allocate_traits>(unsigned __int64)' selected for automatic inline expansion
C:\Program Files (x86)\Microsoft Visual Studio\2019\Community\VC\Tools\MSVC\14.28.29910\include\xmemory(809): warning C4711: function 'void * __ptr64 __cdecl std::_Allocate<16,struct std::_Default_allocate_traits,0>(unsigned __int64)' selected for automatic inline expansion
C:\Program Files (x86)\Microsoft Visual Studio\2019\Community\VC\Tools\MSVC\14.28.29910\include\xstring(2747): warning C4711: function 'void __cdecl std::_Construct_in_place<char * __ptr64,char * __ptr64 const & __ptr64>(char * __ptr64 & __ptr64,char * __ptr64 const & __ptr64)' selected for automatic inline expansion
F:\mySolvers\PBM_noCoupling\particle_1D\particle_1D.C(398): warning C4711: function 'void __cdecl particle_1D::updateSurface(double,double) __ptr64' selected for automatic inline expansion
F:\mySolvers\PBM_noCoupling\particle_1D\particle_1D.C(414): warning C4711: function 'double __cdecl VegReaction::get_Ta(void) __ptr64' selected for automatic inline expansion
F:\mySolvers\PBM_noCoupling\particle_1D\particle_1D.C(414): warning C4711: function 'double __cdecl VegReaction::get_A(void) __ptr64' selected for automatic inline expansion
F:\mySolvers\PBM_noCoupling\particle_1D\particle_1D.C(414): warning C4711: function 'double __cdecl VegReaction::get_Ta(void) __ptr64' selected for automatic inline expansion
F:\mySolvers\PBM_noCoupling\particle_1D\particle_1D.C(414): warning C4711: function 'double __cdecl VegReaction::get_A(void) __ptr64' selected for automatic inline expansion
F:\mySolvers\PBM_noCoupling\particle_1D\particle_1D.C(414): warning C4711: function 'double __cdecl VegReaction::get_Ta(void) __ptr64' selected for automatic inline expansion
F:\mySolvers\PBM_noCoupling\particle_1D\particle_1D.C(414): warning C4711: function 'double __cdecl VegReaction::get_A(void) __ptr64' selected for automatic inline expansion
F:\mySolvers\PBM_noCoupling\particle_1D\particle_1D.C(420): warning C4711: function 'double __cdecl VegReaction::get_Ta(void) __ptr64' selected for automatic inline expansion
F:\mySolvers\PBM_noCoupling\particle_1D\particle_1D.C(420): warning C4711: function 'double __cdecl VegReaction::get_A(void) __ptr64' selected for automatic inline expansion
F:\mySolvers\PBM_noCoupling\particle_1D\particle_1D.C(420): warning C4711: function 'double __cdecl VegReaction::get_Ta(void) __ptr64' selected for automatic inline expansion
F:\mySolvers\PBM_noCoupling\particle_1D\particle_1D.C(420): warning C4711: function 'double __cdecl VegReaction::get_A(void) __ptr64' selected for automatic inline expansion
F:\mySolvers\PBM_noCoupling\particle_1D\particle_1D.C(425): warning C4711: function 'double __cdecl VegReaction::get_deltaH(void) __ptr64' selected for automatic inline expansion
F:\mySolvers\PBM_noCoupling\particle_1D\particle_1D.C(425): warning C4711: function 'double __cdecl VegReaction::get_Ta(void) __ptr64' selected for automatic inline expansion
F:\mySolvers\PBM_noCoupling\particle_1D\particle_1D.C(425): warning C4711: function 'double __cdecl VegReaction::get_A(void) __ptr64' selected for automatic inline expansion
F:\mySolvers\PBM_noCoupling\particle_1D\particle_1D.C(436): warning C4711: function 'bool __cdecl std::operator==<char,struct std::char_traits<char>,class std::allocator<char> >(class std::basic_string<char,struct std::char_traits<char>,class std::allocator<char> > const & __ptr64,char const * __ptr64 const)' selected for automatic inline expansion
  6 of 340 functions ( 1.8%) were compiled, the rest were copied from previous compilation.
    0 functions were new in current compilation
    10 functions had inline decision re-evaluated but remain unchanged
  Finished generating code
  PBM_noCoupling_MSVS.vcxproj -> F:\mySolvers\PBM_noCoupling\PBM_noCoupling_MSVS\x64\Release\PBM_noCoupling_MSVS.exe
